<?xml version='1.0' encoding='UTF-8'?>
<testsuite hostname="adinael-Alienware-m15-R7-AMD" name="routes.HelloRoutesSpec" tests="1" errors="0" failures="0" skipped="0" time="0.226" timestamp="2023-07-27T23:11:39">
          <properties>
[...]
</properties>
          <testcase classname="routes.HelloRoutesSpec" name="HelloRoutes should return 'Hello, Akka HTTP!' for GET requests to /hello" time="0.226">
                      
                    </testcase>
          <system-out><![CDATA[]]></system-out>
          <system-err><![CDATA[]]></system-err>
        </testsuite>